ERROR - 2023-09-25 02:10:27 --> mysqli_sql_exception: Cannot delete or update a parent row: a foreign key constraint fails (`music_player`.`playlist_music`, CONSTRAINT `playlist_music_ibfk_2` FOREIGN KEY (`music_id`) REFERENCES `music` (`id`) ON DELETE RESTRICT ON UPDATE RESTRICT) in C:\laragon\www\player\system\Database\MySQLi\Connection.php:306
Stack trace:
#0 C:\laragon\www\player\system\Database\MySQLi\Connection.php(306): mysqli->query('DELETE FROM `mu...', 0)
#1 C:\laragon\www\player\system\Database\BaseConnection.php(692): CodeIgniter\Database\MySQLi\Connection->execute('DELETE FROM `mu...')
#2 C:\laragon\www\player\system\Database\BaseConnection.php(606): CodeIgniter\Database\BaseConnection->simpleQuery('DELETE FROM `mu...')
#3 C:\laragon\www\player\system\Database\BaseBuilder.php(2790): CodeIgniter\Database\BaseConnection->query('DELETE FROM `mu...', Array, false)
#4 C:\laragon\www\player\system\Model.php(445): CodeIgniter\Database\BaseBuilder->delete()
#5 C:\laragon\www\player\system\BaseModel.php(1080): CodeIgniter\Model->doDelete(Array, false)
#6 C:\laragon\www\player\app\Controllers\MusicController.php(114): CodeIgniter\BaseModel->delete(Array)
#7 C:\laragon\www\player\system\CodeIgniter.php(919): App\Controllers\MusicController->delete('58')
#8 C:\laragon\www\player\system\CodeIgniter.php(494): CodeIgniter\CodeIgniter->runController(Object(App\Controllers\MusicController))
#9 C:\laragon\www\player\system\CodeIgniter.php(353): CodeIgniter\CodeIgniter->handleRequest(NULL, Object(Config\Cache), false)
#10 C:\laragon\www\player\public\index.php(79): CodeIgniter\CodeIgniter->run()
#11 C:\laragon\www\player\system\Commands\Server\rewrite.php(47): require_once('C:\\laragon\\www\\...')
#12 {main}
CRITICAL - 2023-09-25 02:10:27 --> Cannot delete or update a parent row: a foreign key constraint fails (`music_player`.`playlist_music`, CONSTRAINT `playlist_music_ibfk_2` FOREIGN KEY (`music_id`) REFERENCES `music` (`id`) ON DELETE RESTRICT ON UPDATE RESTRICT)
in SYSTEMPATH\Database\BaseConnection.php on line 646.
 1 SYSTEMPATH\Database\BaseBuilder.php(2790): CodeIgniter\Database\BaseConnection->query('DELETE FROM `music`
WHERE `id` IN :id:', [...], false)
 2 SYSTEMPATH\Model.php(445): CodeIgniter\Database\BaseBuilder->delete()
 3 SYSTEMPATH\BaseModel.php(1080): CodeIgniter\Model->doDelete([...], false)
 4 APPPATH\Controllers\MusicController.php(114): CodeIgniter\BaseModel->delete([...])
 5 SYSTEMPATH\CodeIgniter.php(919): App\Controllers\MusicController->delete('58')
 6 SYSTEMPATH\CodeIgniter.php(494): CodeIgniter\CodeIgniter->runController(Object(App\Controllers\MusicController))
 7 SYSTEMPATH\CodeIgniter.php(353): CodeIgniter\CodeIgniter->handleRequest(null, Object(Config\Cache), false)
 8 FCPATH\index.php(79): CodeIgniter\CodeIgniter->run()
 9 SYSTEMPATH\Commands\Server\rewrite.php(47): require_once('C:\\laragon\\www\\player\\public\\index.php')
ERROR - 2023-09-25 02:11:08 --> mysqli_sql_exception: Cannot delete or update a parent row: a foreign key constraint fails (`music_player`.`playlist_music`, CONSTRAINT `playlist_music_ibfk_2` FOREIGN KEY (`music_id`) REFERENCES `music` (`id`) ON DELETE RESTRICT ON UPDATE RESTRICT) in C:\laragon\www\player\system\Database\MySQLi\Connection.php:306
Stack trace:
#0 C:\laragon\www\player\system\Database\MySQLi\Connection.php(306): mysqli->query('DELETE FROM `mu...', 0)
#1 C:\laragon\www\player\system\Database\BaseConnection.php(692): CodeIgniter\Database\MySQLi\Connection->execute('DELETE FROM `mu...')
#2 C:\laragon\www\player\system\Database\BaseConnection.php(606): CodeIgniter\Database\BaseConnection->simpleQuery('DELETE FROM `mu...')
#3 C:\laragon\www\player\system\Database\BaseBuilder.php(2790): CodeIgniter\Database\BaseConnection->query('DELETE FROM `mu...', Array, false)
#4 C:\laragon\www\player\system\Model.php(445): CodeIgniter\Database\BaseBuilder->delete()
#5 C:\laragon\www\player\system\BaseModel.php(1080): CodeIgniter\Model->doDelete(Array, false)
#6 C:\laragon\www\player\app\Controllers\MusicController.php(114): CodeIgniter\BaseModel->delete(Array)
#7 C:\laragon\www\player\system\CodeIgniter.php(919): App\Controllers\MusicController->delete('58')
#8 C:\laragon\www\player\system\CodeIgniter.php(494): CodeIgniter\CodeIgniter->runController(Object(App\Controllers\MusicController))
#9 C:\laragon\www\player\system\CodeIgniter.php(353): CodeIgniter\CodeIgniter->handleRequest(NULL, Object(Config\Cache), false)
#10 C:\laragon\www\player\public\index.php(79): CodeIgniter\CodeIgniter->run()
#11 C:\laragon\www\player\system\Commands\Server\rewrite.php(47): require_once('C:\\laragon\\www\\...')
#12 {main}
CRITICAL - 2023-09-25 02:11:08 --> Cannot delete or update a parent row: a foreign key constraint fails (`music_player`.`playlist_music`, CONSTRAINT `playlist_music_ibfk_2` FOREIGN KEY (`music_id`) REFERENCES `music` (`id`) ON DELETE RESTRICT ON UPDATE RESTRICT)
in SYSTEMPATH\Database\BaseConnection.php on line 646.
 1 SYSTEMPATH\Database\BaseBuilder.php(2790): CodeIgniter\Database\BaseConnection->query('DELETE FROM `music`
WHERE `id` IN :id:', [...], false)
 2 SYSTEMPATH\Model.php(445): CodeIgniter\Database\BaseBuilder->delete()
 3 SYSTEMPATH\BaseModel.php(1080): CodeIgniter\Model->doDelete([...], false)
 4 APPPATH\Controllers\MusicController.php(114): CodeIgniter\BaseModel->delete([...])
 5 SYSTEMPATH\CodeIgniter.php(919): App\Controllers\MusicController->delete('58')
 6 SYSTEMPATH\CodeIgniter.php(494): CodeIgniter\CodeIgniter->runController(Object(App\Controllers\MusicController))
 7 SYSTEMPATH\CodeIgniter.php(353): CodeIgniter\CodeIgniter->handleRequest(null, Object(Config\Cache), false)
 8 FCPATH\index.php(79): CodeIgniter\CodeIgniter->run()
 9 SYSTEMPATH\Commands\Server\rewrite.php(47): require_once('C:\\laragon\\www\\player\\public\\index.php')
